<?xml version="1.0" encoding="UTF-8"?>
<!-- Generated by org.testng.reporters.JUnitReportReporter -->
<testsuite hostname="DESKTOP-L9L7L9E" failures="0" tests="2" name="PS2" time="0.018" errors="0" timestamp="2024-11-10T21:28:10 IST" skipped="0">
  <testcase classname="PS2" name="child" time="0.009"/>
  <system-out/>
  <testcase classname="PS2" name="display" time="0.009"/>
  <system-out/>
</testsuite> <!-- PS2 -->
